Using pre-set license
Built from '2021.3/staging' branch; Version is '2021.3.15f1 (e8e88683f834) revision 15263878'; Using compiler version '192829333'; Build Type 'Release'
OS: 'Windows 11  (10.0.26100) 64bit Core' Language: 'en' Physical Memory: 7860 MB
BatchMode: 1, IsHumanControllingUs: 0, StartBugReporterOnCrash: 0, Is64bit: 1, IsPro: 1

COMMAND LINE ARGUMENTS:
C:\Program Files\Unity\Hub\Editor\2021.3.15f1\Editor\Unity.exe
-adb2
-batchMode
-noUpm
-name
AssetImportWorker0
-projectPath
D:/Unity Projects/SURD-AI
-logFile
Logs/AssetImportWorker0.log
-srvPort
64124
Successfully changed project path to: D:/Unity Projects/SURD-AI
D:/Unity Projects/SURD-AI
[UnityMemory] Configuration Parameters - Can be set up in boot.config
    "memorysetup-bucket-allocator-granularity=16"
    "memorysetup-bucket-allocator-bucket-count=8"
    "memorysetup-bucket-allocator-block-size=33554432"
    "memorysetup-bucket-allocator-block-count=8"
    "memorysetup-main-allocator-block-size=16777216"
    "memorysetup-thread-allocator-block-size=16777216"
    "memorysetup-gfx-main-allocator-block-size=16777216"
    "memorysetup-gfx-thread-allocator-block-size=16777216"
    "memorysetup-cache-allocator-block-size=4194304"
    "memorysetup-typetree-allocator-block-size=2097152"
    "memorysetup-profiler-bucket-allocator-granularity=16"
    "memorysetup-profiler-bucket-allocator-bucket-count=8"
    "memorysetup-profiler-bucket-allocator-block-size=33554432"
    "memorysetup-profiler-bucket-allocator-block-count=8"
    "memorysetup-profiler-allocator-block-size=16777216"
    "memorysetup-profiler-editor-allocator-block-size=1048576"
    "memorysetup-temp-allocator-size-main=16777216"
    "memorysetup-job-temp-allocator-block-size=2097152"
    "memorysetup-job-temp-allocator-block-size-background=1048576"
    "memorysetup-job-temp-allocator-reduction-small-platforms=262144"
    "memorysetup-temp-allocator-size-background-worker=32768"
    "memorysetup-temp-allocator-size-job-worker=262144"
    "memorysetup-temp-allocator-size-preload-manager=33554432"
    "memorysetup-temp-allocator-size-nav-mesh-worker=65536"
    "memorysetup-temp-allocator-size-audio-worker=65536"
    "memorysetup-temp-allocator-size-cloud-worker=32768"
    "memorysetup-temp-allocator-size-gi-baking-worker=262144"
    "memorysetup-temp-allocator-size-gfx=262144"
Player connection [17580] Host "[IP] 192.168.18.242 [Port] 0 [Flags] 2 [Guid] 1134886989 [EditorId] 1134886989 [Version] 1048832 [Id] WindowsEditor(7,LAPTOP-1OD5SGNG) [Debug] 1 [PackageName] WindowsEditor [ProjectName] Editor" joined multi-casting on [225.0.0.222:54997]...

Player connection [17580] Host "[IP] 192.168.18.242 [Port] 0 [Flags] 2 [Guid] 1134886989 [EditorId] 1134886989 [Version] 1048832 [Id] WindowsEditor(7,LAPTOP-1OD5SGNG) [Debug] 1 [PackageName] WindowsEditor [ProjectName] Editor" joined alternative multi-casting on [225.0.0.222:34997]...

Refreshing native plugins compatible for Editor in 63.01 ms, found 3 plugins.
Preloading 0 native plugins for Editor in 0.00 ms.
Initialize engine version: 2021.3.15f1 (e8e88683f834)
[Subsystems] Discovering subsystems at path C:/Program Files/Unity/Hub/Editor/2021.3.15f1/Editor/Data/Resources/UnitySubsystems
[Subsystems] Discovering subsystems at path D:/Unity Projects/SURD-AI/Assets
GfxDevice: creating device client; threaded=0; jobified=0
Direct3D:
    Version:  Direct3D 11.0 [level 11.1]
    Renderer: NVIDIA GeForce RTX 3050 Laptop GPU (ID=0x25a2)
    Vendor:   NVIDIA
    VRAM:     3964 MB
    Driver:   32.0.15.5613
Initialize mono
Mono path[0] = 'C:/Program Files/Unity/Hub/Editor/2021.3.15f1/Editor/Data/Managed'
Mono path[1] = 'C:/Program Files/Unity/Hub/Editor/2021.3.15f1/Editor/Data/MonoBleedingEdge/lib/mono/unityjit-win32'
Mono config path = 'C:/Program Files/Unity/Hub/Editor/2021.3.15f1/Editor/Data/MonoBleedingEdge/etc'
Using monoOptions --debugger-agent=transport=dt_socket,embedding=1,server=y,suspend=n,address=127.0.0.1:56692
Begin MonoManager ReloadAssembly
Registering precompiled unity dll's ...
Register platform support module: C:/Program Files/Unity/Hub/Editor/2021.3.15f1/Editor/Data/PlaybackEngines/AndroidPlayer/UnityEditor.Android.Extensions.dll
Register platform support module: C:/Program Files/Unity/Hub/Editor/2021.3.15f1/Editor/Data/PlaybackEngines/WindowsStandaloneSupport/UnityEditor.WindowsStandalone.Extensions.dll
Registered in 0.003950 seconds.
Native extension for WindowsStandalone target not found
Native extension for Android target not found
Refreshing native plugins compatible for Editor in 49.44 ms, found 3 plugins.
Preloading 0 native plugins for Editor in 0.00 ms.
Mono: successfully reloaded assembly
- Completed reload, in  0.630 seconds
Domain Reload Profiling:
	ReloadAssembly (630ms)
		BeginReloadAssembly (95ms)
			ExecutionOrderSort (0ms)
			DisableScriptedObjects (0ms)
			BackupInstance (0ms)
			ReleaseScriptingObjects (0ms)
			CreateAndSetChildDomain (1ms)
		EndReloadAssembly (423ms)
			LoadAssemblies (92ms)
			RebuildTransferFunctionScriptingTraits (0ms)
			SetupTypeCache (119ms)
			ReleaseScriptCaches (0ms)
			RebuildScriptCaches (36ms)
			SetupLoadedEditorAssemblies (210ms)
				LogAssemblyErrors (0ms)
				InitializePlatformSupportModulesInManaged (56ms)
				SetLoadedEditorAssemblies (0ms)
				RefreshPlugins (50ms)
				BeforeProcessingInitializeOnLoad (1ms)
				ProcessInitializeOnLoadAttributes (72ms)
				ProcessInitializeOnLoadMethodAttributes (32ms)
				AfterProcessingInitializeOnLoad (0ms)
				EditorAssembliesLoaded (0ms)
			ExecutionOrderSort2 (0ms)
			AwakeInstancesAfterBackupRestoration (0ms)
Platform modules already initialized, skipping
Registering precompiled user dll's ...
Registered in 0.003593 seconds.
Begin MonoManager ReloadAssembly
Native extension for WindowsStandalone target not found
Native extension for Android target not found
Refreshing native plugins compatible for Editor in 0.45 ms, found 3 plugins.
Preloading 0 native plugins for Editor in 0.00 ms.
Mono: successfully reloaded assembly
- Completed reload, in  1.080 seconds
Domain Reload Profiling:
	ReloadAssembly (1081ms)
		BeginReloadAssembly (250ms)
			ExecutionOrderSort (0ms)
			DisableScriptedObjects (8ms)
			BackupInstance (0ms)
			ReleaseScriptingObjects (0ms)
			CreateAndSetChildDomain (140ms)
		EndReloadAssembly (724ms)
			LoadAssemblies (108ms)
			RebuildTransferFunctionScriptingTraits (0ms)
			SetupTypeCache (241ms)
			ReleaseScriptCaches (0ms)
			RebuildScriptCaches (38ms)
			SetupLoadedEditorAssemblies (335ms)
				LogAssemblyErrors (0ms)
				InitializePlatformSupportModulesInManaged (12ms)
				SetLoadedEditorAssemblies (0ms)
				RefreshPlugins (1ms)
				BeforeProcessingInitializeOnLoad (55ms)
				ProcessInitializeOnLoadAttributes (246ms)
				ProcessInitializeOnLoadMethodAttributes (13ms)
				AfterProcessingInitializeOnLoad (8ms)
				EditorAssembliesLoaded (0ms)
			ExecutionOrderSort2 (0ms)
			AwakeInstancesAfterBackupRestoration (5ms)
Platform modules already initialized, skipping
========================================================================
Worker process is ready to serve import requests
Launched and connected shader compiler UnityShaderCompiler.exe after 0.05 seconds
Refreshing native plugins compatible for Editor in 0.70 ms, found 3 plugins.
Preloading 0 native plugins for Editor in 0.00 ms.
Unloading 3108 Unused Serialized files (Serialized files now loaded: 0)
Unloading 23 unused Assets / (2.0 MB). Loaded Objects now: 3575.
Memory consumption went from 141.1 MB to 139.1 MB.
Total: 6.969900 ms (FindLiveObjects: 0.290400 ms CreateObjectMapping: 0.400300 ms MarkObjects: 5.504200 ms  DeleteObjects: 0.773100 ms)

AssetImportParameters requested are different than current active one (requested -> active):
  custom:video-decoder-ogg-theora: a1e56fd34408186e4bbccfd4996cb3dc -> 
  custom:container-muxer-webm: aa71ff27fc2769a1b78a27578f13a17b -> 
  custom:container-demuxer-webm: 4f35f7cbe854078d1ac9338744f61a02 -> 
  custom:video-encoder-webm-vp8: eb34c28f22e8b96e1ab97ce403110664 -> 
  custom:audio-encoder-webm-vorbis: bf7c407c2cedff20999df2af8eb42d56 -> 
  custom:framework-win-MediaFoundation: 216162199b28c13a410421893ffa2e32 -> 
  custom:container-demuxer-ogg: 62fdf1f143b41e24485cea50d1cbac27 -> 
  custom:video-decoder-webm-vp8: 9c59270c3fd7afecdb556c50c9e8de78 -> 
  custom:audio-decoder-ogg-vorbis: bf7c407c2cedff20999df2af8eb42d56 -> 
========================================================================
Received Import Request.
  Time since last request: 181914.757268 seconds.
  path: Assets/Characters
  artifactKey: Guid(ed1cc2baca2bef64f948ac488955d506) Importer(815301076,1909f56bfc062723c751e8b465ee728b)
Start importing Assets/Characters using Guid(ed1cc2baca2bef64f948ac488955d506) Importer(815301076,1909f56bfc062723c751e8b465ee728b)  -> (artifact id: '378563710c064cf618717eb127b6cc1b') in 0.012952 seconds 
========================================================================
Received Import Request.
  Time since last request: 25.331160 seconds.
  path: Assets/Character_Creator_and_iClone_Auto_Setup_1.4.6_for_Unity_HDRP12/HDRP
  artifactKey: Guid(04ab3ceb76b02e24494fd6d8d8e49d57) Importer(815301076,1909f56bfc062723c751e8b465ee728b)
Start importing Assets/Character_Creator_and_iClone_Auto_Setup_1.4.6_for_Unity_HDRP12/HDRP using Guid(04ab3ceb76b02e24494fd6d8d8e49d57) Importer(815301076,1909f56bfc062723c751e8b465ee728b)  -> (artifact id: '57b23dc4b7008551b0e40d70d0ad7e0c') in 0.003900 seconds 
========================================================================
Received Import Request.
  Time since last request: 2.715922 seconds.
  path: Assets/Character_Creator_and_iClone_Auto_Setup_1.4.6_for_Unity_HDRP12/HDRP/Preview Scene
  artifactKey: Guid(e55f291b931fc4d448ad540d28a8a7d0) Importer(815301076,1909f56bfc062723c751e8b465ee728b)
Start importing Assets/Character_Creator_and_iClone_Auto_Setup_1.4.6_for_Unity_HDRP12/HDRP/Preview Scene using Guid(e55f291b931fc4d448ad540d28a8a7d0) Importer(815301076,1909f56bfc062723c751e8b465ee728b)  -> (artifact id: 'ec9341825d38565ea7c86763564a7daa') in 0.003318 seconds 
========================================================================
Received Import Request.
  Time since last request: 394.214092 seconds.
  path: Assets/Characters/fahad
  artifactKey: Guid(6ea9fb43a069b0444a5477832a804e40) Importer(815301076,1909f56bfc062723c751e8b465ee728b)
Start importing Assets/Characters/fahad using Guid(6ea9fb43a069b0444a5477832a804e40) Importer(815301076,1909f56bfc062723c751e8b465ee728b)  -> (artifact id: '6b0cee8efb5b46f99f13715a1af11e20') in 0.009220 seconds 
========================================================================
Received Import Request.
  Time since last request: 3.536587 seconds.
  path: Assets/Characters/fahad/Fahad.Fbx
  artifactKey: Guid(19b69996a1c0040459138279f103545a) Importer(815301076,1909f56bfc062723c751e8b465ee728b)
Start importing Assets/Characters/fahad/Fahad.Fbx using Guid(19b69996a1c0040459138279f103545a) Importer(815301076,1909f56bfc062723c751e8b465ee728b)  -> (artifact id: '3f195edb77705d5cb4aea5da6eda66c6') in 3.215971 seconds 
========================================================================
Received Import Request.
  Time since last request: 148.671364 seconds.
  path: Assets/Characters/fahad/Prefabs/Fahad.prefab
  artifactKey: Guid(32397822d5f448c45a679bb164c9885a) Importer(815301076,1909f56bfc062723c751e8b465ee728b)
Start importing Assets/Characters/fahad/Prefabs/Fahad.prefab using Guid(32397822d5f448c45a679bb164c9885a) Importer(815301076,1909f56bfc062723c751e8b465ee728b) The Animator Controller (Fahad_animator) you have used is not valid. Animations will not play
UnityEngine.StackTraceUtility:ExtractStackTrace ()
UnityEditor.EditorUtility:Internal_InstantiateRemoveAllNonAnimationComponentsSingle (UnityEngine.Object,UnityEngine.Vector3,UnityEngine.Quaternion)
UnityEditor.EditorUtility:InstantiateRemoveAllNonAnimationComponents (UnityEngine.Object,UnityEngine.Vector3,UnityEngine.Quaternion)
UnityEditor.EditorUtility:InstantiateForAnimatorPreview (UnityEngine.Object)
UnityEditor.GameObjectInspector/PreviewData:UpdateGameObject (UnityEngine.Object)
UnityEditor.GameObjectInspector/PreviewData:.ctor (UnityEngine.Object)
UnityEditor.GameObjectInspector:GetPreviewData ()
UnityEditor.GameObjectInspector:RenderStaticPreview (string,UnityEngine.Object[],int,int)
UnityEditor.AssetPreviewUpdater:CreatePreview (UnityEngine.Object,UnityEngine.Object[],string,int,int)
UnityEditor.AssetPreviewUpdater:CreatePreviewForAsset (UnityEngine.Object,UnityEngine.Object[],string)

[C:\build\output\unity\unity\Modules\Animation\Director\AnimatorControllerPlayable.cpp line 333]

The Animator Controller (Fahad_animator) you have used is not valid. Animations will not play
UnityEngine.StackTraceUtility:ExtractStackTrace ()
UnityEditor.EditorUtility:InitInstantiatedPreviewRecursive (UnityEngine.GameObject)
UnityEditor.EditorUtility:InstantiateForAnimatorPreview (UnityEngine.Object)
UnityEditor.GameObjectInspector/PreviewData:UpdateGameObject (UnityEngine.Object)
UnityEditor.GameObjectInspector/PreviewData:.ctor (UnityEngine.Object)
UnityEditor.GameObjectInspector:GetPreviewData ()
UnityEditor.GameObjectInspector:RenderStaticPreview (string,UnityEngine.Object[],int,int)
UnityEditor.AssetPreviewUpdater:CreatePreview (UnityEngine.Object,UnityEngine.Object[],string,int,int)
UnityEditor.AssetPreviewUpdater:CreatePreviewForAsset (UnityEngine.Object,UnityEngine.Object[],string)

[C:\build\output\unity\unity\Modules\Animation\Director\AnimatorControllerPlayable.cpp line 333]

 -> (artifact id: '25f36b7f2a1c9de61367e1b4514ae489') in 2.395492 seconds 
========================================================================
Received Import Request.
  Time since last request: 122.986438 seconds.
  path: Assets/Characters/fahad/Prefabs/Fahad.prefab
  artifactKey: Guid(32397822d5f448c45a679bb164c9885a) Importer(815301076,1909f56bfc062723c751e8b465ee728b)
Start importing Assets/Characters/fahad/Prefabs/Fahad.prefab using Guid(32397822d5f448c45a679bb164c9885a) Importer(815301076,1909f56bfc062723c751e8b465ee728b)  -> (artifact id: 'b41bdad2961d7ed864188adce5bc35a0') in 3.401570 seconds 
========================================================================
Received Import Request.
  Time since last request: 416.597530 seconds.
  path: Assets/Characters/fahad/Fahad.fbm/Scalp_Transparency_Diffuse.png
  artifactKey: Guid(e730477bacb02564e9dbe798dfc6eabf) Importer(815301076,1909f56bfc062723c751e8b465ee728b)
Start importing Assets/Characters/fahad/Fahad.fbm/Scalp_Transparency_Diffuse.png using Guid(e730477bacb02564e9dbe798dfc6eabf) Importer(815301076,1909f56bfc062723c751e8b465ee728b)  -> (artifact id: '38baf79005a09bd0548dec0b34ba0880') in 0.263304 seconds 
